Build started 11/4/2015 10:10:01 PM.
     1>Project "C:\Users\FirePhoenix\Documents\Visual Studio 2015\Projects\FP\BattleWorldServer\BattleWorldServer.vcxproj" on node 2 (Build target(s)).
     1>ClCompile:
         C:\Program Files (x86)\Microsoft Visual Studio 14.0\VC\bin\CL.exe /c /IC:\Python27\include /I"C:\Users\FirePhoenix\Documents\Visual Studio 2015\Projects\FP\FP\include\SDL2" /IE:\Libraries\boost_1_59_0 /Zi /nologo /W3 /WX- /O2 /Oi /Oy- /GL /D WIN32 /D NDEBUG /D _CONSOLE /D _UNICODE /D UNICODE /Gm- /EHsc /MD /GS /Gy /fp:precise /Zc:wchar_t /Zc:forScope /Zc:inline /Fo"Release\\" /Fd"Release\vc140.pdb" /Gd /TP /analyze- /errorReport:prompt main.cpp
         main.cpp
     1>E:\Libraries\boost_1_59_0\boost/asio/detail/config.hpp(227): warning C4005: 'BOOST_ASIO_ERROR_CATEGORY_NOEXCEPT': macro redefinition
         E:\Libraries\boost_1_59_0\boost/asio/detail/config.hpp(213): note: see previous definition of 'BOOST_ASIO_ERROR_CATEGORY_NOEXCEPT'
         Please define _WIN32_WINNT or _WIN32_WINDOWS appropriately. For example:
         - add -D_WIN32_WINNT=0x0501 to the compiler command line; or
         - add _WIN32_WINNT=0x0501 to your project's Preprocessor Definitions.
         Assuming _WIN32_WINNT=0x0501 (i.e. Windows XP target).
       Link:
         C:\Program Files (x86)\Microsoft Visual Studio 14.0\VC\bin\link.exe /ERRORREPORT:PROMPT /OUT:"C:\Users\FirePhoenix\Documents\Visual Studio 2015\Projects\FP\Release\BattleWorldServer.exe" /INCREMENTAL:NO /NOLOGO /LIBPATH:C:\Python27\libs /LIBPATH:"C:\Users\FirePhoenix\Documents\Visual Studio 2015\Projects\FP\FP\lib" /LIBPATH:E:\Libraries\boost_1_59_0\stage\lib python27.lib SDL2.lib SDL2main.lib "libboost_system-vc140-mt-1_59.lib" kernel32.lib user32.lib gdi32.lib winspool.lib comdlg32.lib advapi32.lib shell32.lib ole32.lib oleaut32.lib uuid.lib odbc32.lib odbccp32.lib /MANIFEST /MANIFESTUAC:"level='asInvoker' uiAccess='false'" /manifest:embed /Debug /PDB:"C:\Users\FirePhoenix\Documents\Visual Studio 2015\Projects\FP\Release\BattleWorldServer.pdb" /SUBSYSTEM:CONSOLE /OPT:REF /OPT:ICF /LTCG:incremental /TLBID:1 /DYNAMICBASE /NXCOMPAT /IMPLIB:"C:\Users\FirePhoenix\Documents\Visual Studio 2015\Projects\FP\Release\BattleWorldServer.lib" /MACHINE:X86 /SAFESEH Release\main.obj
         Generating code
         0 of 555 functions ( 0.0%) were compiled, the rest were copied from previous compilation.
           0 functions were new in current compilation
           0 functions had inline decision re-evaluated but remain unchanged
         Finished generating code
         BattleWorldServer.vcxproj -> C:\Users\FirePhoenix\Documents\Visual Studio 2015\Projects\FP\Release\BattleWorldServer.exe
     1>Done Building Project "C:\Users\FirePhoenix\Documents\Visual Studio 2015\Projects\FP\BattleWorldServer\BattleWorldServer.vcxproj" (Build target(s)).

Build succeeded.

Time Elapsed 00:00:05.91
