Build started 11/11/2015 1:41:23 PM.
     1>Project "C:\Users\Addict\Documents\Visual Studio 2015\Projects\FP\FP\FP.vcxproj" on node 2 (Build target(s)).
     1>ClCompile:
         C:\Program Files (x86)\Microsoft Visual Studio 14.0\VC\bin\CL.exe /c /I./include/SDL2_mixer /I./include/SDL2_image /I./include/SDL2 /IC:\Python27\include /I./FP /ID:\Libraries\boost_1_59_0 /Zi /nologo /W3 /WX- /O2 /Oi /Oy- /GL /D WIN32 /D NDEBUG /D _CONSOLE /D _UNICODE /D UNICODE /Gm- /EHsc /MD /GS /Gy /fp:precise /Zc:wchar_t /Zc:forScope /Zc:inline /Fo"Release\\" /Fd"Release\vc140.pdb" /Gd /TP /analyze- /errorReport:prompt FP\Engine.cpp FP\FP_CMULTI_SPRITE.cpp FP\FP_Network.cpp FP\handlerFunctions.cpp FP\KeyboardHandler.cpp main.cpp Player.cpp
         Engine.cpp
     1>D:\Libraries\boost_1_59_0\boost/asio/detail/config.hpp(227): warning C4005: 'BOOST_ASIO_ERROR_CATEGORY_NOEXCEPT': macro redefinition
         D:\Libraries\boost_1_59_0\boost/asio/detail/config.hpp(213): note: see previous definition of 'BOOST_ASIO_ERROR_CATEGORY_NOEXCEPT'
         Please define _WIN32_WINNT or _WIN32_WINDOWS appropriately. For example:
         - add -D_WIN32_WINNT=0x0501 to the compiler command line; or
         - add _WIN32_WINNT=0x0501 to your project's Preprocessor Definitions.
         Assuming _WIN32_WINNT=0x0501 (i.e. Windows XP target).
     1>FP\Engine.cpp(25): warning C4244: '=': conversion from 'double' to 'float', possible loss of data
     1>FP\Engine.cpp(83): warning C4996: 'strcpy': This function or variable may be unsafe. Consider using strcpy_s instead. To disable deprecation, use _CRT_SECURE_NO_WARNINGS. See online help for details.
         C:\Program Files (x86)\Windows Kits\10\Include\10.0.10150.0\ucrt\string.h(119): note: see declaration of 'strcpy'
     1>FP\Engine.cpp(84): warning C4996: 'strcat': This function or variable may be unsafe. Consider using strcat_s instead. To disable deprecation, use _CRT_SECURE_NO_WARNINGS. See online help for details.
         C:\Program Files (x86)\Windows Kits\10\Include\10.0.10150.0\ucrt\string.h(90): note: see declaration of 'strcat'
     1>FP\Engine.cpp(85): warning C4996: 'strcpy': This function or variable may be unsafe. Consider using strcpy_s instead. To disable deprecation, use _CRT_SECURE_NO_WARNINGS. See online help for details.
         C:\Program Files (x86)\Windows Kits\10\Include\10.0.10150.0\ucrt\string.h(119): note: see declaration of 'strcpy'
     1>FP\Engine.cpp(86): warning C4996: 'strcat': This function or variable may be unsafe. Consider using strcat_s instead. To disable deprecation, use _CRT_SECURE_NO_WARNINGS. See online help for details.
         C:\Program Files (x86)\Windows Kits\10\Include\10.0.10150.0\ucrt\string.h(90): note: see declaration of 'strcat'
     1>FP\Engine.cpp(137): warning C4996: 'strcpy': This function or variable may be unsafe. Consider using strcpy_s instead. To disable deprecation, use _CRT_SECURE_NO_WARNINGS. See online help for details.
         C:\Program Files (x86)\Windows Kits\10\Include\10.0.10150.0\ucrt\string.h(119): note: see declaration of 'strcpy'
     1>FP\Engine.cpp(138): warning C4996: 'strcpy': This function or variable may be unsafe. Consider using strcpy_s instead. To disable deprecation, use _CRT_SECURE_NO_WARNINGS. See online help for details.
         C:\Program Files (x86)\Windows Kits\10\Include\10.0.10150.0\ucrt\string.h(119): note: see declaration of 'strcpy'
     1>FP\Engine.cpp(141): warning C4996: 'strcpy': This function or variable may be unsafe. Consider using strcpy_s instead. To disable deprecation, use _CRT_SECURE_NO_WARNINGS. See online help for details.
         C:\Program Files (x86)\Windows Kits\10\Include\10.0.10150.0\ucrt\string.h(119): note: see declaration of 'strcpy'
     1>FP\Engine.cpp(167): warning C4800: 'int': forcing value to bool 'true' or 'false' (performance warning)
         FP_CMULTI_SPRITE.cpp
     1>D:\Libraries\boost_1_59_0\boost/asio/detail/config.hpp(227): warning C4005: 'BOOST_ASIO_ERROR_CATEGORY_NOEXCEPT': macro redefinition
         D:\Libraries\boost_1_59_0\boost/asio/detail/config.hpp(213): note: see previous definition of 'BOOST_ASIO_ERROR_CATEGORY_NOEXCEPT'
         Please define _WIN32_WINNT or _WIN32_WINDOWS appropriately. For example:
         - add -D_WIN32_WINNT=0x0501 to the compiler command line; or
         - add _WIN32_WINNT=0x0501 to your project's Preprocessor Definitions.
         Assuming _WIN32_WINNT=0x0501 (i.e. Windows XP target).
         FP_Network.cpp
     1>D:\Libraries\boost_1_59_0\boost/asio/detail/config.hpp(227): warning C4005: 'BOOST_ASIO_ERROR_CATEGORY_NOEXCEPT': macro redefinition
         D:\Libraries\boost_1_59_0\boost/asio/detail/config.hpp(213): note: see previous definition of 'BOOST_ASIO_ERROR_CATEGORY_NOEXCEPT'
         Please define _WIN32_WINNT or _WIN32_WINDOWS appropriately. For example:
         - add -D_WIN32_WINNT=0x0501 to the compiler command line; or
         - add _WIN32_WINNT=0x0501 to your project's Preprocessor Definitions.
         Assuming _WIN32_WINNT=0x0501 (i.e. Windows XP target).
         handlerFunctions.cpp
     1>D:\Libraries\boost_1_59_0\boost/asio/detail/config.hpp(227): warning C4005: 'BOOST_ASIO_ERROR_CATEGORY_NOEXCEPT': macro redefinition
         D:\Libraries\boost_1_59_0\boost/asio/detail/config.hpp(213): note: see previous definition of 'BOOST_ASIO_ERROR_CATEGORY_NOEXCEPT'
         Please define _WIN32_WINNT or _WIN32_WINDOWS appropriately. For example:
         - add -D_WIN32_WINNT=0x0501 to the compiler command line; or
         - add _WIN32_WINNT=0x0501 to your project's Preprocessor Definitions.
         Assuming _WIN32_WINNT=0x0501 (i.e. Windows XP target).
         KeyboardHandler.cpp
     1>D:\Libraries\boost_1_59_0\boost/asio/detail/config.hpp(227): warning C4005: 'BOOST_ASIO_ERROR_CATEGORY_NOEXCEPT': macro redefinition
         D:\Libraries\boost_1_59_0\boost/asio/detail/config.hpp(213): note: see previous definition of 'BOOST_ASIO_ERROR_CATEGORY_NOEXCEPT'
         Please define _WIN32_WINNT or _WIN32_WINDOWS appropriately. For example:
         - add -D_WIN32_WINNT=0x0501 to the compiler command line; or
         - add _WIN32_WINNT=0x0501 to your project's Preprocessor Definitions.
         Assuming _WIN32_WINNT=0x0501 (i.e. Windows XP target).
         main.cpp
     1>D:\Libraries\boost_1_59_0\boost/asio/detail/config.hpp(227): warning C4005: 'BOOST_ASIO_ERROR_CATEGORY_NOEXCEPT': macro redefinition
         D:\Libraries\boost_1_59_0\boost/asio/detail/config.hpp(213): note: see previous definition of 'BOOST_ASIO_ERROR_CATEGORY_NOEXCEPT'
         Please define _WIN32_WINNT or _WIN32_WINDOWS appropriately. For example:
         - add -D_WIN32_WINNT=0x0501 to the compiler command line; or
         - add _WIN32_WINNT=0x0501 to your project's Preprocessor Definitions.
         Assuming _WIN32_WINNT=0x0501 (i.e. Windows XP target).
     1>main.cpp(20): warning C4996: 'sscanf': This function or variable may be unsafe. Consider using sscanf_s instead. To disable deprecation, use _CRT_SECURE_NO_WARNINGS. See online help for details.
         C:\Program Files (x86)\Windows Kits\10\Include\10.0.10150.0\ucrt\stdio.h(2254): note: see declaration of 'sscanf'
     1>main.cpp(38): warning C4996: 'strcpy': This function or variable may be unsafe. Consider using strcpy_s instead. To disable deprecation, use _CRT_SECURE_NO_WARNINGS. See online help for details.
         C:\Program Files (x86)\Windows Kits\10\Include\10.0.10150.0\ucrt\string.h(119): note: see declaration of 'strcpy'
         Player.cpp
     1>D:\Libraries\boost_1_59_0\boost/asio/detail/config.hpp(227): warning C4005: 'BOOST_ASIO_ERROR_CATEGORY_NOEXCEPT': macro redefinition
         D:\Libraries\boost_1_59_0\boost/asio/detail/config.hpp(213): note: see previous definition of 'BOOST_ASIO_ERROR_CATEGORY_NOEXCEPT'
         Please define _WIN32_WINNT or _WIN32_WINDOWS appropriately. For example:
         - add -D_WIN32_WINNT=0x0501 to the compiler command line; or
         - add _WIN32_WINNT=0x0501 to your project's Preprocessor Definitions.
         Assuming _WIN32_WINNT=0x0501 (i.e. Windows XP target).
     1>Player.cpp(99): warning C4244: '=': conversion from 'double' to 'float', possible loss of data
       Link:
         C:\Program Files (x86)\Microsoft Visual Studio 14.0\VC\bin\link.exe /ERRORREPORT:PROMPT /OUT:"C:\Users\Addict\Documents\Visual Studio 2015\Projects\FP\Release\BattleWorld.exe" /INCREMENTAL:NO /NOLOGO /LIBPATH:C:\Python27\libs /LIBPATH:./lib /LIBPATH:D:\Libraries\boost_1_59_0\stage\lib SDL2.lib SDL2main.lib python27.lib SDL2_image.lib SDL2_mixer.lib "libboost_system-vc140-mt-1_59.lib" kernel32.lib user32.lib gdi32.lib winspool.lib comdlg32.lib advapi32.lib shell32.lib ole32.lib oleaut32.lib uuid.lib odbc32.lib odbccp32.lib /MANIFEST /MANIFESTUAC:"level='asInvoker' uiAccess='false'" /manifest:embed /Debug /PDB:"C:\Users\Addict\Documents\Visual Studio 2015\Projects\FP\Release\BattleWorld.pdb" /SUBSYSTEM:CONSOLE /OPT:REF /OPT:ICF /LTCG:incremental /TLBID:1 /DYNAMICBASE /NXCOMPAT /IMPLIB:"C:\Users\Addict\Documents\Visual Studio 2015\Projects\FP\Release\BattleWorld.lib" /MACHINE:X86 /SAFESEH Release\Engine.obj
         Release\FP_CMULTI_SPRITE.obj
         Release\FP_Network.obj
         Release\handlerFunctions.obj
         Release\KeyboardHandler.obj
         Release\main.obj
         Release\Player.obj
         Generating code
         883 of 894 functions (98.8%) were compiled, the rest were copied from previous compilation.
           106 functions were new in current compilation
           2 functions had inline decision re-evaluated but remain unchanged
         Finished generating code
         FP.vcxproj -> C:\Users\Addict\Documents\Visual Studio 2015\Projects\FP\Release\BattleWorld.exe
     1>Done Building Project "C:\Users\Addict\Documents\Visual Studio 2015\Projects\FP\FP\FP.vcxproj" (Build target(s)).

Build succeeded.

Time Elapsed 00:00:33.34
